# JRE version: OpenJDK Runtime Environment (11.0.12+7) (build 11.0.12+7-b1504.28-7817840)
# Java VM: OpenJDK 64-Bit Server VM (11.0.12+7-b1504.28-7817840, mixed mode, tiered, compressed oops, g1 gc, windows-amd64)
Heap:
 garbage-first heap   total 273408K, used 141076K [0x0000000080000000, 0x0000000100000000)
  region size 1024K, 15 young (15360K), 9 survivors (9216K)
 Metaspace       used 114444K, capacity 117642K, committed 117880K, reserved 1150976K
  class space    used 14391K, capacity 15541K, committed 15564K, reserved 1048576K
GC Heap History (20 events):
Event: 11.636 GC heap before
{Heap before GC invocations=18 (full 0):
 garbage-first heap   total 227328K, used 151080K [0x0000000080000000, 0x0000000100000000)
  region size 1024K, 78 young (79872K), 5 survivors (5120K)
 Metaspace       used 73701K, capacity 75709K, committed 75980K, reserved 1116160K
  class space    used 9415K, capacity 10133K, committed 10188K, reserved 1048576K
}
Event: 11.654 GC heap after
{Heap after GC invocations=19 (full 0):
 garbage-first heap   total 227328K, used 82111K [0x0000000080000000, 0x0000000100000000)
  region size 1024K, 10 young (10240K), 10 survivors (10240K)
 Metaspace       used 73701K, capacity 75709K, committed 75980K, reserved 1116160K
  class space    used 9415K, capacity 10133K, committed 10188K, reserved 1048576K
}
Event: 12.814 GC heap before
{Heap before GC invocations=19 (full 0):
 garbage-first heap   total 227328K, used 156863K [0x0000000080000000, 0x0000000100000000)
  region size 1024K, 83 young (84992K), 10 survivors (10240K)
 Metaspace       used 77294K, capacity 79420K, committed 79564K, reserved 1118208K
  class space    used 9926K, capacity 10681K, committed 10700K, reserved 1048576K
}
Event: 12.837 GC heap after
{Heap after GC invocations=20 (full 0):
 garbage-first heap   total 227328K, used 87544K [0x0000000080000000, 0x0000000100000000)
  region size 1024K, 6 young (6144K), 6 survivors (6144K)
 Metaspace       used 77294K, capacity 79420K, committed 79564K, reserved 1118208K
  class space    used 9926K, capacity 10681K, committed 10700K, reserved 1048576K
}
Event: 13.892 GC heap before
{Heap before GC invocations=20 (full 0):
 garbage-first heap   total 227328K, used 163320K [0x0000000080000000, 0x0000000100000000)
  region size 1024K, 80 young (81920K), 6 survivors (6144K)
 Metaspace       used 82469K, capacity 84592K, committed 84684K, reserved 1122304K
  class space    used 10655K, capacity 11436K, committed 11468K, reserved 1048576K
}
Event: 13.912 GC heap after
{Heap after GC invocations=21 (full 0):
 garbage-first heap   total 227328K, used 93184K [0x0000000080000000, 0x0000000100000000)
  region size 1024K, 10 young (10240K), 10 survivors (10240K)
 Metaspace       used 82469K, capacity 84592K, committed 84684K, reserved 1122304K
  class space    used 10655K, capacity 11436K, committed 11468K, reserved 1048576K
}
Event: 15.755 GC heap before
{Heap before GC invocations=21 (full 0):
 garbage-first heap   total 227328K, used 179200K [0x0000000080000000, 0x0000000100000000)
  region size 1024K, 83 young (84992K), 10 survivors (10240K)
 Metaspace       used 88784K, capacity 91203K, committed 91468K, reserved 1128448K
  class space    used 11387K, capacity 12274K, committed 12364K, reserved 1048576K
}
Event: 15.780 GC heap after
{Heap after GC invocations=22 (full 0):
 garbage-first heap   total 273408K, used 110603K [0x0000000080000000, 0x0000000100000000)
  region size 1024K, 7 young (7168K), 7 survivors (7168K)
 Metaspace       used 88784K, capacity 91203K, committed 91468K, reserved 1128448K
  class space    used 11387K, capacity 12274K, committed 12364K, reserved 1048576K
}
Event: 17.544 GC heap before
{Heap before GC invocations=22 (full 0):
 garbage-first heap   total 273408K, used 195595K [0x0000000080000000, 0x0000000100000000)
  region size 1024K, 90 young (92160K), 7 survivors (7168K)
 Metaspace       used 98570K, capacity 101264K, committed 101580K, reserved 1136640K
  class space    used 12714K, capacity 13685K, committed 13772K, reserved 1048576K
}
Event: 17.560 GC heap after
{Heap after GC invocations=23 (full 0):
 garbage-first heap   total 273408K, used 114641K [0x0000000080000000, 0x0000000100000000)
  region size 1024K, 11 young (11264K), 11 survivors (11264K)
 Metaspace       used 98570K, capacity 101264K, committed 101580K, reserved 1136640K
  class space    used 12714K, capacity 13685K, committed 13772K, reserved 1048576K
}
Event: 19.742 GC heap before
{Heap before GC invocations=23 (full 0):
 garbage-first heap   total 273408K, used 199633K [0x0000000080000000, 0x0000000100000000)
  region size 1024K, 95 young (97280K), 11 survivors (11264K)
 Metaspace       used 104926K, capacity 107696K, committed 107980K, reserved 1142784K
  class space    used 13460K, capacity 14442K, committed 14540K, reserved 1048576K
}
Event: 19.767 GC heap after
{Heap after GC invocations=24 (full 0):
 garbage-first heap   total 273408K, used 122164K [0x0000000080000000, 0x0000000100000000)
  region size 1024K, 12 young (12288K), 12 survivors (12288K)
 Metaspace       used 104926K, capacity 107696K, committed 107980K, reserved 1142784K
  class space    used 13460K, capacity 14442K, committed 14540K, reserved 1048576K
}
Event: 21.361 GC heap before
{Heap before GC invocations=24 (full 0):
 garbage-first heap   total 273408K, used 206132K [0x0000000080000000, 0x0000000100000000)
  region size 1024K, 95 young (97280K), 12 survivors (12288K)
 Metaspace       used 105887K, capacity 108675K, committed 108748K, reserved 1142784K
  class space    used 13508K, capacity 14511K, committed 14540K, reserved 1048576K
}
Event: 21.392 GC heap after
{Heap after GC invocations=25 (full 0):
 garbage-first heap   total 273408K, used 128103K [0x0000000080000000, 0x0000000100000000)
  region size 1024K, 7 young (7168K), 7 survivors (7168K)
 Metaspace       used 105887K, capacity 108675K, committed 108748K, reserved 1142784K
  class space    used 13508K, capacity 14511K, committed 14540K, reserved 1048576K
}
Event: 23.078 GC heap before
{Heap before GC invocations=25 (full 0):
 garbage-first heap   total 273408K, used 212071K [0x0000000080000000, 0x0000000100000000)
  region size 1024K, 90 young (92160K), 7 survivors (7168K)
 Metaspace       used 111216K, capacity 114098K, committed 114252K, reserved 1148928K
  class space    used 14093K, capacity 15152K, committed 15180K, reserved 1048576K
}
Event: 23.097 GC heap after
{Heap after GC invocations=26 (full 0):
 garbage-first heap   total 273408K, used 132027K [0x0000000080000000, 0x0000000100000000)
  region size 1024K, 11 young (11264K), 11 survivors (11264K)
 Metaspace       used 111216K, capacity 114098K, committed 114252K, reserved 1148928K
  class space    used 14093K, capacity 15152K, committed 15180K, reserved 1048576K
}
Event: 23.108 GC heap before
{Heap before GC invocations=26 (full 0):
 garbage-first heap   total 273408K, used 133051K [0x0000000080000000, 0x0000000100000000)
  region size 1024K, 13 young (13312K), 11 survivors (11264K)
 Metaspace       used 111348K, capacity 114194K, committed 114380K, reserved 1148928K
  class space    used 14102K, capacity 15184K, committed 15308K, reserved 1048576K
}
Event: 23.128 GC heap after
{Heap after GC invocations=27 (full 0):
 garbage-first heap   total 273408K, used 132778K [0x0000000080000000, 0x0000000100000000)
  region size 1024K, 6 young (6144K), 6 survivors (6144K)
 Metaspace       used 111348K, capacity 114194K, committed 114380K, reserved 1148928K
  class space    used 14102K, capacity 15184K, committed 15308K, reserved 1048576K
}
Event: 1596.615 GC heap before
{Heap before GC invocations=28 (full 0):
 garbage-first heap   total 273408K, used 217770K [0x0000000080000000, 0x0000000100000000)
  region size 1024K, 90 young (92160K), 6 survivors (6144K)
 Metaspace       used 113950K, capacity 117116K, committed 117368K, reserved 1150976K
  class space    used 14336K, capacity 15464K, committed 15564K, reserved 1048576K
}
Event: 1596.638 GC heap after
{Heap after GC invocations=29 (full 0):
 garbage-first heap   total 273408K, used 135956K [0x0000000080000000, 0x0000000100000000)
  region size 1024K, 9 young (9216K), 9 survivors (9216K)
 Metaspace       used 113950K, capacity 117116K, committed 117368K, reserved 1150976K
  class space    used 14336K, capacity 15464K, committed 15564K, reserved 1048576K
}

